"../../../Builled_VR_2/Content/Bullied_VR/Assets/Bridge/lambert2.uasset" 0
"../../../Builled_VR_2/Content/Geometry/Meshes/CubeMaterial.uasset" 1
"../../../Builled_VR_2/Content/Bullied_VR/Assets/Character/Character_Mum.uasset" 2
"../../../Builled_VR_2/Content/Bullied_VR/Assets/House/lambert2.uasset" 3
"../../../Builled_VR_2/Content/Bullied_VR/Assets/House/House_LayoutWhole.uasset" 4
"../../../Builled_VR_2/Content/Bullied_VR/Assets/House/3rd_Floor/House_Lamp.uasset" 5
"../../../Builled_VR_2/Content/Bullied_VR/Assets/House/3rd_Floor/House_Mug.uasset" 6
"../../../Builled_VR_2/Content/Bullied_VR/Assets/House/3rd_Floor/House_Pencil.uasset" 7
"../../../Engine/Content/EditorBlueprintResources/StandardMacros.uasset" 8
"../../../Builled_VR_2/Content/Bullied_VR/Blueprints/BP_Game_Instance.uasset" 9
"../../../Builled_VR_2/Content/Bullied_VR/Blueprints/SubtitleInfo.uasset" 10
"../../../Builled_VR_2/Content/Bullied_VR/Blueprints/ChoiceInfo.uasset" 11
"../../../Builled_VR_2/Content/Bullied_VR/Blueprints/HUD_ChoiceSelection.uasset" 12
"../../../Builled_VR_2/Content/Bullied_VR/Blueprints/HUD_ChoiceList.uasset" 13
"../../../Builled_VR_2/Content/Bullied_VR/Blueprints/Subtitle.uasset" 14
"../../../Builled_VR_2/Content/Bullied_VR/Blueprints/BP_Text_Trigger_Box.uasset" 15
"../../../Engine/Content/BasicShapes/BasicShapeMaterial.uasset" 16
"../../../Engine/Content/Functions/Engine_MaterialFunctions01/Opacity/CameraDepthFade.uasset" 17
"../../../Engine/Content/EngineMaterials/T_Default_Material_Grid_M.uasset" 18
"../../../Engine/Content/EngineMaterials/T_Default_Material_Grid_N.uasset" 19
"../../../Engine/Content/EngineMaterials/DefaultMaterial.uasset" 20
"../../../Engine/Content/BasicShapes/Cone.uasset" 21
"../../../Engine/Content/EngineMaterials/WorldGridMaterial.uasset" 22
"../../../Engine/Content/BasicShapes/Cube.uasset" 23
"../../../Builled_VR_2/Content/Bullied_VR/Blueprints/BP_EventTriggerBox.uasset" 24
"../../../Builled_VR_2/Content/Bullied_VR/Blueprints/BP_ChoiceSubtitleManager.uasset" 25
"../../../Builled_VR_2/Content/Bullied_VR/Blueprints/BP_Choice_Trigger_Box.uasset" 26
"../../../Builled_VR_2/Content/VirtualReality/Mannequin/Character/Mesh/MannequinHand_Right_Skeleton.uasset" 27
"../../../Builled_VR_2/Content/VirtualReality/Mannequin/Animations/MannequinHand_Right_CanGrab.uasset" 28
"../../../Builled_VR_2/Content/VirtualReality/Mannequin/Animations/MannequinHand_Right_Grab.uasset" 29
"../../../Builled_VR_2/Content/VirtualReality/Mannequin/Animations/MannequinHand_Right_Open.uasset" 30
"../../../Builled_VR_2/Content/VirtualReality/Mannequin/Animations/RightGrip_BS.uasset" 31
"../../../Builled_VR_2/Content/VirtualRealityBP/Blueprints/GripEnum.uasset" 32
"../../../Builled_VR_2/Content/VirtualReality/Mannequin/Animations/RightHand_AnimBP.uasset" 33
"../../../Builled_VR_2/Content/VirtualRealityBP/Blueprints/PickupActorInterface.uasset" 34
"../../../Builled_VR_2/Content/VirtualRealityBP/Blueprints/MotionControllerHaptics.uasset" 35
"../../../Engine/Content/Functions/Engine_MaterialFunctions02/Utility/BreakOutFloat2Components.uasset" 36
"../../../Engine/Content/Functions/Engine_MaterialFunctions01/Texturing/ScaleUVsByCenter.uasset" 37
"../../../Engine/Content/Functions/Engine_MaterialFunctions02/ScreenResolution.uasset" 38
"../../../Engine/Content/Functions/Engine_MaterialFunctions02/Texturing/ScreenAlignedUVs.uasset" 39
"../../../Engine/Content/Functions/Engine_MaterialFunctions02/Utility/CameraDirectionVector.uasset" 40
"../../../Engine/Content/Functions/Engine_MaterialFunctions02/Utility/DepthFromWorldPosition.uasset" 41
"../../../Builled_VR_2/Content/VirtualReality/Materials/MF_OccludedPixels.uasset" 42
"../../../Builled_VR_2/Content/VirtualReality/Materials/TeleportMCP.uasset" 43
"../../../Engine/Content/EngineMaterials/Good64x64TilingNoiseHighFreq.uasset" 44
"../../../Builled_VR_2/Content/VirtualReality/Materials/M_ArcEndpoint.uasset" 45
"../../../Builled_VR_2/Content/VirtualReality/Materials/M_SplineArcMat.uasset" 46
"../../../Builled_VR_2/Content/VirtualReality/Materials/M_TeleportPreviews.uasset" 47
"../../../Builled_VR_2/Content/VirtualReality/Materials/MI_ChaperoneOutline.uasset" 48
"../../../Builled_VR_2/Content/VirtualReality/Materials/MI_TeleportCylinderPreview.uasset" 49
"../../../Engine/Content/BasicShapes/Cylinder.uasset" 50
"../../../Engine/Content/BasicShapes/Sphere.uasset" 51
"../../../Builled_VR_2/Content/VirtualReality/Mannequin/Character/Textures/UE4_Mannequin__normals.uasset" 52
"../../../Builled_VR_2/Content/VirtualReality/Mannequin/Character/Textures/UE4_Mannequin_MAT_MASKA.uasset" 53
"../../../Builled_VR_2/Content/VirtualReality/Mannequin/Character/Materials/M_HandMat.uasset" 54
"../../../Builled_VR_2/Content/VirtualReality/Mannequin/Character/Mesh/MannequinHand_Right_PhysicsAsset.uasset" 55
"../../../Builled_VR_2/Content/VirtualReality/Mannequin/Character/Mesh/MannequinHand_Right.uasset" 56
"../../../Builled_VR_2/Content/VirtualReality/Meshes/1x1_cube.uasset" 57
"../../../Builled_VR_2/Content/VirtualReality/Meshes/BeaconDirection.uasset" 58
"../../../Builled_VR_2/Content/VirtualReality/Meshes/BeamMesh.uasset" 59
"../../../Builled_VR_2/Content/VirtualReality/Meshes/SM_FatCylinder.uasset" 60
"../../../Builled_VR_2/Content/VirtualRealityBP/Blueprints/BP_MotionController.uasset" 61
"../../../Builled_VR_2/Content/Bullied_VR/Blueprints/BP_MotionControllerPawnFPS.uasset" 62
"../../../Builled_VR_2/Content/Bullied_VR/textures/HouseTextures/Floor3/House_SmallWindowFrame_a.uasset" 63
"../../../Builled_VR_2/Content/Bullied_VR/textures/HouseTextures/Floor3/House_SmallWindowFrame_m_r.uasset" 64
"../../../Builled_VR_2/Content/Bullied_VR/textures/HouseTextures/Floor3/MT_House_SmallWindowFrame_Material.uasset" 65
"../../../Builled_VR_2/Content/Bullied_VR/Assets/House/3rd_Floor/House_SmallWindowFrame.uasset" 66
"../../../Builled_VR_2/Content/Bullied_VR/textures/glass_window_a.uasset" 67
"../../../Builled_VR_2/Content/Bullied_VR/textures/glass_window.uasset" 68
"../../../Builled_VR_2/Content/Bullied_VR/Assets/House/3rd_Floor/House_SmallWindowGlass.uasset" 69
"../../../Builled_VR_2/Content/Bullied_VR/Assets/House/3rd_Floor/IO_SmallWindowSimple.uasset" 70
"../../../Builled_VR_2/Content/Bullied_VR/Assets/School/pasted__lambert2.uasset" 71
"../../../Builled_VR_2/Content/Bullied_VR/Assets/School/School_Layout.uasset" 72
"../../../Builled_VR_2/Content/Bullied_VR/Blueprints/MathFunction.uasset" 73
"../../../Builled_VR_2/Content/Bullied_VR/Assets/School/Classroom/School_CRDoor.uasset" 74
"../../../Builled_VR_2/Content/Bullied_VR/Assets/School/Classroom/IO_School_CRDoorLeft.uasset" 75
"../../../Builled_VR_2/Content/Bullied_VR/Assets/School/Classroom/IO_School_CRDoorRightSimple.uasset" 76
"../../../Builled_VR_2/Content/Bullied_VR/Assets/School/Hallway/School_MainEntranceDoor.uasset" 77
"../../../Builled_VR_2/Content/Bullied_VR/Assets/School/Hallway/School_MainEntranceDoorKnob.uasset" 78
"../../../Builled_VR_2/Content/Bullied_VR/Assets/School/Toilet/School_ToiletDoor.uasset" 79
"../../../Builled_VR_2/Content/Bullied_VR/Assets/School/Toilet/IO_School_ToiletDoor.uasset" 80
"../../../Builled_VR_2/Content/Bullied_VR/Assets/School/Toilet/School_MaleUrinal.uasset" 81
"../../../Builled_VR_2/Content/Bullied_VR/Assets/School/Toilet/School_Tap.uasset" 82
"../../../Builled_VR_2/Content/Bullied_VR/Blueprints/IO_DoorInteractible.uasset" 83
"../../../Builled_VR_2/Content/Bullied_VR/textures/Glass.uasset" 84
"../../../Builled_VR_2/Content/Bullied_VR/textures/HouseTextures/Floor3/House_ComputerTable_m_r.uasset" 85
"../../../Builled_VR_2/Content/Bullied_VR/textures/HouseTextures/RawTGA/House_BigCabinet_normal.uasset" 86
"../../../Builled_VR_2/Content/Bullied_VR/textures/HouseTextures/RawTGA/House_Cabinet_normal.uasset" 87
"../../../Builled_VR_2/Content/Bullied_VR/textures/HouseTextures/RawTGA/House_DoorKnob_a.uasset" 88
"../../../Builled_VR_2/Content/Bullied_VR/textures/HouseTextures/RawTGA/House_DoorKnob_m_r.uasset" 89
"../../../Builled_VR_2/Content/Bullied_VR/textures/HouseTextures/RawTGA/House_Door_normal.uasset" 90
"../../../Builled_VR_2/Content/Bullied_VR/textures/HouseTextures/RawTGA/Window.uasset" 91
"../../../Builled_VR_2/Content/Geometry/Meshes/1M_Cube_Chamfer.uasset" 92
"../../../Builled_VR_2/Content/Geometry/Meshes/TemplateFloor.uasset" 93
"../../../Engine/Content/EditorLandscapeResources/DataLayer.uasset" 94
"../../../Engine/Content/EditorMaterials/GizmoMaterial.uasset" 95
"../../../Engine/Content/EditorMaterials/MAT_Groups_Toggle.uasset" 96
"../../../Engine/Content/EditorMaterials/MAT_Groups_Visibility.uasset" 97
"../../../Engine/Content/EditorMaterials/PreviewShadowIndicator.uasset" 98
"../../../Engine/Content/EditorMaterials/PreviewShadowIndicatorMaterial.uasset" 99
"../../../Engine/Content/EditorMaterials/MatineeGroups/MAT_ColorTrack.uasset" 100
"../../../Engine/Content/EditorMaterials/MatineeGroups/MAT_Groups_Anim.uasset" 101
"../../../Engine/Content/EditorMaterials/MatineeGroups/MAT_Groups_AudioMaster.uasset" 102
"../../../Engine/Content/EditorMaterials/MatineeGroups/MAT_Groups_Director.uasset" 103
"../../../Engine/Content/EditorMaterials/MatineeGroups/MAT_Groups_Event.uasset" 104
"../../../Engine/Content/EditorMaterials/MatineeGroups/MAT_Groups_Fade.uasset" 105
"../../../Engine/Content/EditorMaterials/MatineeGroups/MAT_Groups_Float.uasset" 106
"../../../Engine/Content/EditorMaterials/MatineeGroups/MAT_Groups_Move.uasset" 107
"../../../Engine/Content/EditorMaterials/MatineeGroups/MAT_Groups_Slomo.uasset" 108
"../../../Engine/Content/EditorMaterials/MatineeGroups/MAT_Groups_Sound.uasset" 109
"../../../Engine/Content/EditorMaterials/MatineeGroups/MAT_Groups_Vector.uasset" 110
"../../../Engine/Content/EditorMaterials/ParticleSystems/PSysThumbnail_NoImage.uasset" 111
"../../../Engine/Content/EditorMaterials/ParticleSystems/PSysThumbnail_OOD.uasset" 112
"../../../Engine/Content/EditorMaterials/Camera/CineMat.uasset" 113
"../../../Engine/Content/EditorMaterials/Camera/MI_CineMat_Rig.uasset" 114
"../../../Engine/Content/EditorMeshes/Camera/SM_CraneRig_Arm.uasset" 115
"../../../Engine/Content/EditorMeshes/Camera/SM_CraneRig_Base.uasset" 116
"../../../Engine/Content/EditorMeshes/Camera/SM_CraneRig_Body.uasset" 117
"../../../Engine/Content/EditorMeshes/Camera/SM_CraneRig_Mount.uasset" 118
"../../../Engine/Content/EditorMeshes/Camera/SM_RailRig_Mount.uasset" 119
"../../../Engine/Content/EditorMeshes/Camera/SM_RailRig_Track.uasset" 120
"../../../Engine/Content/EditorMeshes/ColorCalibrator/M_ChromeBall.uasset" 121
"../../../Engine/Content/EditorMeshes/ColorCalibrator/M_ClearCoat.uasset" 122
"../../../Engine/Content/EditorMeshes/ColorCalibrator/M_ClearCoatBlack.uasset" 123
"../../../Engine/Content/EditorMeshes/ColorCalibrator/Color_checker.uasset" 124
"../../../Engine/Content/EditorMeshes/ColorCalibrator/M_ColorGrid.uasset" 125
"../../../Engine/Content/EditorMeshes/ColorCalibrator/M_GreyBall.uasset" 126
"../../../Engine/Content/EditorMeshes/ColorCalibrator/SM_ColorCalibrator.uasset" 127
"../../../Engine/Content/EditorResources/BSPVertex.uasset" 128
"../../../Engine/Content/EditorResources/EmptyActor.uasset" 129
"../../../Engine/Content/EditorResources/S_Actor.uasset" 130
"../../../Engine/Content/EditorResources/S_Trigger.uasset" 131
"../../../Engine/Content/EditorResources/AudioIcons/S_AudioComponent_AutoActivate.uasset" 132
"../../../Engine/Content/EditorResources/LightIcons/S_LightError.uasset" 133
"../../../Engine/Content/EditorResources/SequenceRecorder/Countdown.uasset" 134
"../../../Engine/Content/EditorResources/SequenceRecorder/RecordingIndicator.uasset" 135
"../../../Engine/Content/EditorSounds/Notifications/CompileFailed.uasset" 136
"../../../Engine/Content/EditorSounds/Notifications/CompileFailed_Cue.uasset" 137
"../../../Engine/Content/EditorSounds/Notifications/CompileSuccess.uasset" 138
"../../../Engine/Content/EditorSounds/Notifications/CompileStart_Cue.uasset" 139
"../../../Engine/Content/EditorSounds/Notifications/CompileSuccess_Cue.uasset" 140
"../../../Engine/Content/EngineDamageTypes/DmgTypeBP_Environmental.uasset" 141
"../../../Engine/Content/EngineDebugMaterials/HeatmapGradient.uasset" 142
"../../../Engine/Content/EngineDebugMaterials/BoneWeightMaterial.uasset" 143
"../../../Engine/Content/EngineDebugMaterials/ClothMaterial.uasset" 144
"../../../Engine/Content/EngineDebugMaterials/ClothMaterial_WF.uasset" 145
"../../../Engine/Content/EngineDebugMaterials/DebugEditorMaterial.uasset" 146
"../../../Engine/Content/EngineDebugMaterials/DebugMeshMaterial.uasset" 147
"../../../Engine/Content/EngineDebugMaterials/GeomMaterial.uasset" 148
"../../../Engine/Content/EngineFonts/Faces/RobotoBold.uasset" 149
"../../../Engine/Content/EngineFonts/Faces/RobotoBoldItalic.uasset" 150
"../../../Engine/Content/EngineFonts/Faces/RobotoItalic.uasset" 151
"../../../Engine/Content/EngineFonts/Faces/RobotoLight.uasset" 152
"../../../Engine/Content/EngineFonts/Faces/RobotoRegular.uasset" 153
"../../../Engine/Content/EngineFonts/Roboto.uasset" 154
"../../../Engine/Content/EngineFonts/Faces/RobotoTiny.uasset" 155
"../../../Engine/Content/EngineFonts/RobotoTiny.uasset" 156
"../../../Engine/Content/EngineMaterials/DefaultBloomKernel.uasset" 157
"../../../Engine/Content/EngineMaterials/DefaultBokeh.uasset" 158
"../../../Engine/Content/EngineMaterials/DefaultDiffuse.uasset" 159
"../../../Engine/Content/EngineMaterials/DefaultDeferredDecalMaterial.uasset" 160
"../../../Engine/Content/EngineMaterials/DefaultLightFunctionMaterial.uasset" 161
"../../../Engine/Content/EngineMaterials/DefaultPhysicalMaterial.uasset" 162
"../../../Engine/Content/EngineMaterials/DefaultPostProcessMaterial.uasset" 163
"../../../Engine/Content/EngineFonts/RobotoDistanceField.uasset" 164
"../../../Engine/Content/EngineMaterials/DefaultTextMaterialOpaque.uasset" 165
"../../../Engine/Content/EngineMaterials/DefaultWhiteGrid.uasset" 166
"../../../Engine/Content/EngineMaterials/EditorBrushMaterial.uasset" 167
"../../../Engine/Content/EngineMaterials/MiniFont.uasset" 168
"../../../Engine/Content/EngineMaterials/InvalidLightmapSettings.uasset" 169
"../../../Engine/Content/EngineMaterials/M_InvalidLightmapSettings.uasset" 170
"../../../Engine/Content/Functions/Engine_MaterialFunctions02/WorldPositionOffset/CameraOffset.uasset" 171
"../../../Engine/Content/EngineMaterials/PhAT_JointLimitMaterial.uasset" 172
"../../../Engine/Content/EngineMaterials/PreintegratedSkinBRDF.uasset" 173
"../../../Engine/Content/EngineMaterials/RemoveSurfaceMaterial.uasset" 174
"../../../Engine/Content/EngineMaterials/WeightMapPlaceholderTexture.uasset" 175
"../../../Engine/Content/EngineResources/WhiteSquareTexture.uasset" 176
"../../../Engine/Content/EngineMaterials/Widget3DPassThrough.uasset" 177
"../../../Engine/Content/EngineMaterials/Widget3DPassThrough_Masked.uasset" 178
"../../../Engine/Content/EngineMaterials/Widget3DPassThrough_Opaque.uasset" 179
"../../../Engine/Content/EngineMaterials/Widget3DPassThrough_Masked_OneSided.uasset" 180
"../../../Engine/Content/EngineMaterials/Widget3DPassThrough_Opaque_OneSided.uasset" 181
"../../../Engine/Content/EngineMaterials/Widget3DPassThrough_Translucent.uasset" 182
"../../../Engine/Content/EngineMaterials/Widget3DPassThrough_Translucent_OneSided.uasset" 183
"../../../Engine/Content/EngineMeshes/Cube.uasset" 184
"../../../Engine/Content/EngineMeshes/Cylinder.uasset" 185
"../../../Engine/Content/EngineMeshes/Sphere.uasset" 186
"../../../Engine/Content/EngineResources/Black.uasset" 187
"../../../Engine/Content/EngineResources/DefaultTexture.uasset" 188
"../../../Engine/Content/EngineResources/DefaultTextureCube.uasset" 189
"../../../Engine/Content/EngineResources/GradientTexture0.uasset" 190
"../../../Engine/Content/EngineSounds/Master.uasset" 191
"../../../Engine/Content/Functions/Engine_MaterialFunctions01/Shading/ConvertFromDiffSpec.uasset" 192
"../../../Engine/Content/Functions/Engine_MaterialFunctions01/Shading/PowerToRoughness.uasset" 193
"../../../Engine/Content/Maps/Templates/Thumbnails/Default.uasset" 194
"../../../Engine/Content/Maps/Templates/Thumbnails/VR-Basic.uasset" 195
"../../../Engine/Content/MobileResources/T_MobileControls_texture.uasset" 196
"../../../Engine/Content/MobileResources/T_MobileMenu2.uasset" 197
"../../../Engine/Content/MobileResources/HUD/AnalogHat.uasset" 198
"../../../Engine/Content/MobileResources/HUD/VirtualJoystick_Background.uasset" 199
"../../../Engine/Content/MobileResources/HUD/VirtualJoystick_Thumb.uasset" 200
"../../../Engine/Content/MobileResources/HUD/DefaultVirtualJoysticks.uasset" 201
"../../../Engine/Content/MobileResources/HUD/LeftVirtualJoystickOnly.uasset" 202
"../../../Engine/Content/MobileResources/HUD/MobileHUDButton1_off.uasset" 203
"../../../Engine/Content/MobileResources/HUD/MobileHUDButton1_on.uasset" 204
"../../../Engine/Content/MobileResources/HUD/MobileHUDButton2_off.uasset" 205
"../../../Engine/Content/MobileResources/HUD/MobileHUDButton2_on.uasset" 206
"../../../Engine/Content/MobileResources/HUD/MobileHUDButton3.uasset" 207
"../../../Engine/Content/MobileResources/HUD/MobileHUDButtonFire.uasset" 208
"../../../Engine/Content/MobileResources/HUD/MobileHUDDirectionPad.uasset" 209
"../../../Engine/Content/MobileResources/HUD/MobileHUDDirectionPad2.uasset" 210
"../../../Engine/Content/MobileResources/HUD/MobileHUDDirectionPad3.uasset" 211
"../../../Engine/Content/MobileResources/HUD/MobileHUDDirectionStick.uasset" 212
"../../../Engine/Content/MobileResources/HUD/T_Castle_ThumbstickInner.uasset" 213
"../../../Engine/Content/MobileResources/HUD/T_Castle_ThumbstickOutter.uasset" 214
"../../../Engine/Content/Tutorial/ContentIntroCurve.uasset" 215
"../../../Engine/Content/Tutorial/Basics/TutorialAssets/icon_tab_Levels_40x.uasset" 216
"../../../Engine/Content/Tutorial/BlueprintTutorials/TutorialAssets/BlueprintInterface_64x.uasset" 217
"../../../Engine/Content/Tutorial/BlueprintTutorials/TutorialAssets/BlueprintMacroLibrary_64x.uasset" 218
"../../../Engine/Content/Tutorial/BlueprintTutorials/TutorialAssets/Blueprint_64x.uasset" 219
"../../../Engine/Content/Tutorial/BlueprintTutorials/TutorialAssets/Tutorial_BP_Interface.uasset" 220
"../../../Engine/Content/Tutorial/Foliage/TutorialAssets/Foliage.uasset" 221
"../../../Engine/Content/Tutorial/Landscape/TutorialAssets/Landscape.uasset" 222
"../../../Engine/Content/Tutorial/Paper2D/TutorialAssets/Paper2DFlipbook_TutorialIcon.uasset" 223
"../../../Engine/Content/Tutorial/Paper2D/TutorialAssets/Paper2DSprite_TutorialIcon.uasset" 224
"../../../Engine/Content/Tutorial/SubEditors/TutorialAssets/icon_Editor_Preferences_General_40x.uasset" 225
"../../../Engine/Content/Tutorial/SubEditors/TutorialAssets/icon_ShowSkeletalMeshes_40x.uasset" 226
"../../../Engine/Content/Tutorial/SubEditors/TutorialAssets/TutorialMaterial.uasset" 227
"../../../Engine/Content/Tutorial/SubEditors/TutorialAssets/T_SmokeSubUV_8X8.uasset" 228
"../../../Engine/Content/Tutorial/SubEditors/TutorialAssets/T_soft_smoke.uasset" 229
"../../../Engine/Content/Tutorial/SubEditors/TutorialAssets/M_smoke_subUV_blackbody.uasset" 230
"../../../Engine/Content/Tutorial/SubEditors/TutorialAssets/TutorialParticleSystem.uasset" 231
"../../../Engine/Content/VREditor/Devices/Generic/GenericHMDMaterial.uasset" 232
"../../../Engine/Content/VREditor/Devices/Generic/GenericHMD.uasset" 233
"../../../Engine/Content/VREditor/FloatingText/LineMaterial.uasset" 234
"../../../Engine/Content/VREditor/FloatingText/JointSphere.uasset" 235
"../../../Engine/Content/VREditor/FloatingText/LineSegmentCylinder.uasset" 236
"../../../Engine/Content/VREditor/Fonts/VRText_RobotoLarge.uasset" 237
"../../../Engine/Content/VREditor/Fonts/VRTextMaterial.uasset" 238
"../../../Engine/Content/VREditor/Fonts/TranslucentVRTextMaterial.uasset" 239
"../../../Engine/Content/VREditor/LaserPointer/CursorPointer.uasset" 240
"../../../Engine/Content/VREditor/LaserPointer/VR_LaserPower_01.uasset" 241
"../../../Engine/Content/VREditor/TransformGizmo/TransformGizmoMaterial.uasset" 242
"../../../Engine/Content/VREditor/LaserPointer/HoverMaterial.uasset" 243
"../../../Engine/Content/VREditor/TransformGizmo/TranslucentTransformGizmoMaterial.uasset" 244
"../../../Engine/Content/VREditor/LaserPointer/TranslucentHoverMaterial.uasset" 245
"../../../Engine/Content/VREditor/LaserPointer/HoverMesh.uasset" 246
"../../../Engine/Content/VREditor/LaserPointer/LaserPointerMaterial.uasset" 247
"../../../Engine/Content/VREditor/LaserPointer/LaserPointerMaterialInst.uasset" 248
"../../../Engine/Content/VREditor/LaserPointer/TranslucentLaserPointerMaterialInst.uasset" 249
"../../../Engine/Content/VREditor/LaserPointer/LaserPointerMesh.uasset" 250
"../../../Engine/Content/VREditor/LaserPointer/LaserPointerMesh_End.uasset" 251
"../../../Engine/Content/VREditor/LaserPointer/LaserPointerMesh_Start.uasset" 252
"../../../Engine/Content/Functions/Engine_MaterialFunctions02/Utility/BreakOutFloat3Components.uasset" 253
"../../../Engine/Content/Functions/Engine_MaterialFunctions02/Math/Transform3x3Matrix.uasset" 254
"../../../Engine/Content/Functions/Engine_MaterialFunctions02/SplitComponents.uasset" 255
"../../../Engine/Content/Functions/Engine_MaterialFunctions02/Utility/MakeFloat3.uasset" 256
"../../../Engine/Content/VREditor/SnapGrid/SnapGridMaterial.uasset" 257
"../../../Engine/Content/VREditor/SnapGrid/SnapGridPlaneMesh.uasset" 258
"../../../Engine/Content/VREditor/Sounds/VR_teleport.uasset" 259
"../../../Engine/Content/VREditor/Sounds/UI/Click_on_Button_Cue.uasset" 260
"../../../Engine/Content/VREditor/Sounds/UI/Dockable_Window_Close.uasset" 261
"../../../Engine/Content/VREditor/Sounds/UI/Dockable_Window_Drop.uasset" 262
"../../../Engine/Content/VREditor/Sounds/UI/Dockable_Window_Open.uasset" 263
"../../../Engine/Content/VREditor/Sounds/UI/Dockable_Window_Pick_Up.uasset" 264
"../../../Engine/Content/VREditor/Sounds/UI/Drop_Item_From_ContentBrowser.uasset" 265
"../../../Engine/Content/VREditor/Sounds/UI/Floating_UI_Open-001.uasset" 266
"../../../Engine/Content/VREditor/Sounds/UI/Gizmo_Handle_Clicked.uasset" 267
"../../../Engine/Content/VREditor/Sounds/UI/Object_PickUp.uasset" 268
"../../../Engine/Content/VREditor/Sounds/UI/Object_Snaps_To_Another_Actor.uasset" 269
"../../../Engine/Content/VREditor/Sounds/UI/Object_Snaps_To_Grid.uasset" 270
"../../../Engine/Content/VREditor/Sounds/UI/Radial_Menu_FadeOut.uasset" 271
"../../../Engine/Content/VREditor/Sounds/UI/Scaling_Down.uasset" 272
"../../../Engine/Content/VREditor/Sounds/UI/Scaling_Up.uasset" 273
"../../../Engine/Content/VREditor/Sounds/UI/Selection_Changes.uasset" 274
"../../../Engine/Content/VREditor/Sounds/UI/Teleport_Mode_Entered.uasset" 275
"../../../Engine/Content/VREditor/Teleport/TeleportDirectionMaterial.uasset" 276
"../../../Engine/Content/VREditor/Teleport/TeleportDirectionMaterial_Inst.uasset" 277
"../../../Engine/Content/VREditor/Teleport/TeleportDirectionMesh.uasset" 278
"../../../Engine/Content/VREditor/TransformGizmo/BoundingBoxCorner.uasset" 279
"../../../Engine/Content/VREditor/TransformGizmo/BoundingBoxEdge.uasset" 280
"../../../Engine/Content/VREditor/TransformGizmo/PlaneTranslationHandle.uasset" 281
"../../../Engine/Content/VREditor/TransformGizmo/RotationHandleFull.uasset" 282
"../../../Engine/Content/VREditor/TransformGizmo/RotationHandleIndicator.uasset" 283
"../../../Engine/Content/VREditor/TransformGizmo/RotationHandleQuarter.uasset" 284
"../../../Engine/Content/VREditor/TransformGizmo/Main.uasset" 285
"../../../Engine/Content/VREditor/TransformGizmo/Xray.uasset" 286
"../../../Engine/Content/VREditor/TransformGizmo/SM_Dialog_Close.uasset" 287
"../../../Engine/Content/VREditor/TransformGizmo/SM_Dialog_Move.uasset" 288
"../../../Engine/Content/VREditor/TransformGizmo/SM_Sequencer_Key.uasset" 289
"../../../Engine/Content/VREditor/TransformGizmo/SM_Sequencer_Node.uasset" 290
"../../../Engine/Content/VREditor/TransformGizmo/StartRotationHandleIndicator.uasset" 291
"../../../Engine/Content/VREditor/TransformGizmo/TranslucentTransformGizmoMaterial_Inst.uasset" 292
"../../../Engine/Content/VREditor/TransformGizmo/TransformGizmoFreeRotation.uasset" 293
"../../../Engine/Content/VREditor/TransformGizmo/TransformGizmoMaterial_Inst.uasset" 294
"../../../Engine/Content/VREditor/TransformGizmo/TranslateArrowHandle.uasset" 295
"../../../Engine/Content/VREditor/TransformGizmo/UniformScaleHandle.uasset" 296
"../../../Engine/Content/VREditor/UI/KeyDiskMaterial.uasset" 297
"../../../Engine/Content/VREditor/UI/DiscMaterial.uasset" 298
"../../../Engine/Content/VREditor/UI/SM_Radial_Disk.uasset" 299
"../../../Engine/Content/Functions/Engine_MaterialFunctions01/Gradient/RadialGradient.uasset" 300
"../../../Engine/Content/VREditor/WorldMovementGrid/SimpleGrid.uasset" 301
"../../../Engine/Content/VREditor/WorldMovementGrid/GridMaterial.uasset" 302
"../../../Engine/Content/Functions/Engine_MaterialFunctions01/Density/ExponentialDensity.uasset" 303
"../../../Engine/Content/VREditor/WorldMovementGrid/GridPostProcess.uasset" 304
"../../../Engine/Content/EditorLandscapeResources/FlattenHeightMat.uasset" 305
"../../../Engine/Content/VREditor/WorldMovementGrid/PlaneMesh.uasset" 306
"../../../Engine/Plugins/2D/Paper2D/Content/PlaceholderTextures/DummySpriteTexture.uasset" 307
"../../../Engine/Plugins/2D/Paper2D/Content/DummySprite.uasset" 308
"../../../Engine/Plugins/2D/Paper2D/Content/DefaultPaperTerrainMaterial.uasset" 309
"../../../Engine/Plugins/2D/Paper2D/Content/DefaultSpriteMaterial.uasset" 310
"../../../Engine/Plugins/2D/Paper2D/Content/MaskedUnlitSpriteMaterial.uasset" 311
"../../../Engine/Plugins/2D/Paper2D/Content/OpaqueUnlitSpriteMaterial.uasset" 312
"../../../Engine/Plugins/Media/MediaCompositing/Content/DefaultMediaPlaneMaterial.uasset" 313
"../../../Engine/Content/Functions/Engine_MaterialFunctions02/Utility/MakeFloat4.uasset" 314
"../../../Engine/Plugins/Runtime/AppleARKit/Content/ARKitCameraMaterial.uasset" 315
"../../../Engine/Plugins/Runtime/Oculus/OculusVR/Content/Textures/GearVRController_AO.uasset" 316
"../../../Engine/Plugins/Runtime/Oculus/OculusVR/Content/Textures/GearVRController_Color.uasset" 317
"../../../Engine/Plugins/Runtime/Oculus/OculusVR/Content/Textures/GearVRController_Normal.uasset" 318
"../../../Engine/Plugins/Runtime/Oculus/OculusVR/Content/Materials/GearVRControllerMaterial.uasset" 319
"../../../Engine/Plugins/Runtime/Oculus/OculusVR/Content/Meshes/GearVrController.uasset" 320
"../../../Builled_VR_2/Content/Bullied_VR/Blueprints/BP_Interact_Trigger_Box.uasset" 321
"../../../Engine/Content/EngineSky/C_Sky_Cloud_Color.uasset" 322
"../../../Engine/Content/EngineSky/C_Sky_Horizon_Color.uasset" 323
"../../../Engine/Content/EngineSky/C_Sky_Zenith_Color.uasset" 324
"../../../Engine/Content/EngineSky/T_Sky_Blue.uasset" 325
"../../../Engine/Content/EngineSky/T_Sky_Clouds_M.uasset" 326
"../../../Engine/Content/EngineSky/T_Sky_Stars.uasset" 327
"../../../Engine/Content/EngineSky/M_Sky_Panning_Clouds2.uasset" 328
"../../../Engine/Content/EngineSky/SM_SkySphere.uasset" 329
"../../../Engine/Content/EngineSky/BP_Sky_Sphere.uasset" 330
"../../../Builled_VR_2/Content/Bullied_VR/textures/HouseTextures/RawTGA/House_WindowFrame_a.uasset" 331
"../../../Builled_VR_2/Content/Bullied_VR/textures/HouseTextures/RawTGA/House_WindowFrame_m_r.uasset" 332
"../../../Builled_VR_2/Content/Bullied_VR/textures/HouseTextures/Floor1/MT_House_WindowFrame_Material.uasset" 333
"../../../Builled_VR_2/Content/Bullied_VR/Assets/House/1st_Floor/House_LongWindowFrame.uasset" 334
"../../../Builled_VR_2/Content/Bullied_VR/Assets/House/1st_Floor/House_LongWindowGlass.uasset" 335
"../../../Builled_VR_2/Content/Bullied_VR/Assets/House/1st_Floor/GO_House_LongWindow.uasset" 336
"../../../Builled_VR_2/Content/Bullied_VR/textures/HouseTextures/RawTGA/House_Door_a.uasset" 337
"../../../Builled_VR_2/Content/Bullied_VR/textures/HouseTextures/RawTGA/House_Door_m_r.uasset" 338
"../../../Builled_VR_2/Content/Bullied_VR/textures/HouseTextures/Floor2/MT_House_Door_Material.uasset" 339
"../../../Builled_VR_2/Content/Bullied_VR/Assets/House/2nd_Floor/House_Door.uasset" 340
"../../../Builled_VR_2/Content/Bullied_VR/Assets/House/1st_Floor/IO_House_Door.uasset" 341
"../../../Builled_VR_2/Content/Bullied_VR/Assets/House/3rd_Floor/BP_LightInteraction.uasset" 342
"../../../Builled_VR_2/Content/Bullied_VR/textures/HouseTextures/Floor3/House_CeilingLight_a.uasset" 343
"../../../Builled_VR_2/Content/Bullied_VR/textures/HouseTextures/Floor3/House_CeilingLight_m_r.uasset" 344
"../../../Builled_VR_2/Content/Bullied_VR/textures/HouseTextures/Floor3/MT_House_CeilingLight_Material.uasset" 345
"../../../Builled_VR_2/Content/Bullied_VR/Assets/House/3rd_Floor/House_CeilingLight.uasset" 346
"../../../Builled_VR_2/Content/Bullied_VR/Assets/House/3rd_Floor/GO_House_CeilingLight.uasset" 347
"../../../Builled_VR_2/Content/Bullied_VR/Assets/House/3rd_Floor/House_StairLight.uasset" 348
"../../../Builled_VR_2/Content/Bullied_VR/Assets/House/3rd_Floor/GO_House_StairLight.uasset" 349
"../../../Builled_VR_2/Content/Bullied_VR/Assets/School/Classroom/pasted__lambert2.uasset" 350
"../../../Builled_VR_2/Content/Bullied_VR/Assets/House/3rd_Floor/House_Button.uasset" 351
"../../../Builled_VR_2/Content/Bullied_VR/Assets/House/3rd_Floor/BP_House_LightSwitch.uasset" 352
"../../../Builled_VR_2/Content/Bullied_VR/Assets/House/3rd_Floor/IO_SmallWindow.uasset" 353
"../../../Builled_VR_2/Content/Bullied_VR/Maps/Level_1_House_BuiltData.uasset" 354
"../../../Builled_VR_2/Content/Bullied_VR/textures/HouseTextures/RawTGA/House_2ndFloorPhotoFrame_a.uasset" 355
"../../../Builled_VR_2/Content/Bullied_VR/textures/HouseTextures/RawTGA/House_2ndFloorPhotoFrame_m_r.uasset" 356
"../../../Builled_VR_2/Content/Bullied_VR/textures/HouseTextures/Floor2/MT_House_PhotoWall_Material.uasset" 357
"../../../Builled_VR_2/Content/Bullied_VR/textures/HouseTextures/RawTGA/House_Cabinet_a.uasset" 358
"../../../Builled_VR_2/Content/Bullied_VR/textures/HouseTextures/RawTGA/House_Cabinet_m_r.uasset" 359
"../../../Builled_VR_2/Content/Bullied_VR/textures/HouseTextures/Floor2/MT_House_SmallCabinet_Material.uasset" 360
"../../../Builled_VR_2/Content/Bullied_VR/textures/HouseTextures/RawTGA/House_ToiletDoor_a.uasset" 361
"../../../Builled_VR_2/Content/Bullied_VR/textures/HouseTextures/RawTGA/House_ToiletDoor_m_r.uasset" 362
"../../../Builled_VR_2/Content/Bullied_VR/textures/HouseTextures/RawTGA/House_ToiletDoor_normal.uasset" 363
"../../../Builled_VR_2/Content/Bullied_VR/textures/HouseTextures/Floor2/MT_House_ToiletDoor_Material.uasset" 364
"../../../Builled_VR_2/Content/Bullied_VR/textures/HouseTextures/RawTGA/House_LayoutFloor1_a.uasset" 365
"../../../Builled_VR_2/Content/Bullied_VR/textures/HouseTextures/RawTGA/House_LayoutFloor1_m_r.uasset" 366
"../../../Builled_VR_2/Content/Bullied_VR/textures/HouseTextures/MT_House_Layout_Floor1_Material.uasset" 367
"../../../Builled_VR_2/Content/Bullied_VR/textures/HouseTextures/RawTGA/House_LayoutFloor2_a.uasset" 368
"../../../Builled_VR_2/Content/Bullied_VR/textures/HouseTextures/RawTGA/House_LayoutFloor2_m_r.uasset" 369
"../../../Builled_VR_2/Content/Bullied_VR/textures/HouseTextures/MT_House_Layout_Floor2_Material.uasset" 370
"../../../Engine/Content/BasicShapes/Plane.uasset" 371
"../../../Builled_VR_2/Content/Bullied_VR/textures/Bridge/TreeA_a.uasset" 372
"../../../Builled_VR_2/Content/Bullied_VR/textures/Bridge/MT_Bridge_TreeA_Material.uasset" 373
"../../../Builled_VR_2/Content/Bullied_VR/Assets/Bridge/Bridge_TreeA.uasset" 374
"../../../Builled_VR_2/Content/Bullied_VR/textures/HouseTextures/RawTGA/House_BigCabinet_a.uasset" 375
"../../../Builled_VR_2/Content/Bullied_VR/textures/HouseTextures/RawTGA/House_BigCabinet_m_r.uasset" 376
"../../../Builled_VR_2/Content/Bullied_VR/textures/HouseTextures/Floor1/MT_House_BigCabinet_Material.uasset" 377
"../../../Builled_VR_2/Content/Bullied_VR/Assets/House/1st_Floor/House_BigCabinet.uasset" 378
"../../../Builled_VR_2/Content/Bullied_VR/textures/HouseTextures/RawTGA/House_CoffeeTable_a.uasset" 379
"../../../Builled_VR_2/Content/Bullied_VR/textures/HouseTextures/RawTGA/House_CoffeeTable_m_r.uasset" 380
"../../../Builled_VR_2/Content/Bullied_VR/textures/HouseTextures/RawTGA/House_CoffeeTable_normal.uasset" 381
"../../../Builled_VR_2/Content/Bullied_VR/textures/HouseTextures/Floor1/MT_House_CoffeeTable_Material.uasset" 382
"../../../Builled_VR_2/Content/Bullied_VR/Assets/House/1st_Floor/House_CoffeeTable.uasset" 383
"../../../Builled_VR_2/Content/Bullied_VR/textures/HouseTextures/RawTGA/House_DiningChair_a.uasset" 384
"../../../Builled_VR_2/Content/Bullied_VR/textures/HouseTextures/RawTGA/House_DiningChair_m_r.uasset" 385
"../../../Builled_VR_2/Content/Bullied_VR/textures/HouseTextures/RawTGA/House_DiningChair_normal.uasset" 386
"../../../Builled_VR_2/Content/Bullied_VR/textures/HouseTextures/Floor1/MT_House_DiningChair_Material.uasset" 387
"../../../Builled_VR_2/Content/Bullied_VR/Assets/House/1st_Floor/House_DiningChair.uasset" 388
"../../../Builled_VR_2/Content/Bullied_VR/textures/HouseTextures/RawTGA/House_DiningTable_a.uasset" 389
"../../../Builled_VR_2/Content/Bullied_VR/textures/HouseTextures/RawTGA/House_DiningTable_m_r.uasset" 390
"../../../Builled_VR_2/Content/Bullied_VR/textures/HouseTextures/Floor1/MT_House_DiningTable_Material.uasset" 391
"../../../Builled_VR_2/Content/Bullied_VR/Assets/House/1st_Floor/House_DiningTable.uasset" 392
"../../../Builled_VR_2/Content/Bullied_VR/textures/HouseTextures/RawTGA/House_Kitchen_a.uasset" 393
"../../../Builled_VR_2/Content/Bullied_VR/textures/HouseTextures/RawTGA/House_Kitchen_m_r.uasset" 394
"../../../Builled_VR_2/Content/Bullied_VR/textures/HouseTextures/RawTGA/House_Kitchen_normal.uasset" 395
"../../../Builled_VR_2/Content/Bullied_VR/textures/HouseTextures/Floor1/MT_House_Kitchen_Material.uasset" 396
"../../../Builled_VR_2/Content/Bullied_VR/Assets/House/1st_Floor/House_Kitchen.uasset" 397
"../../../Builled_VR_2/Content/Bullied_VR/textures/HouseTextures/RawTGA/House_KitchenCabinets_a.uasset" 398
"../../../Builled_VR_2/Content/Bullied_VR/textures/HouseTextures/RawTGA/House_KitchenCabinets_m_r.uasset" 399
"../../../Builled_VR_2/Content/Bullied_VR/textures/HouseTextures/RawTGA/House_KitchenCabinets_normal.uasset" 400
"../../../Builled_VR_2/Content/Bullied_VR/textures/HouseTextures/Floor1/MT_House_KitchenCabinet_Material.uasset" 401
"../../../Builled_VR_2/Content/Bullied_VR/Assets/House/1st_Floor/House_KitchenCabinet.uasset" 402
"../../../Builled_VR_2/Content/Bullied_VR/textures/HouseTextures/RawTGA/House_KitchenCounter_a.uasset" 403
"../../../Builled_VR_2/Content/Bullied_VR/textures/HouseTextures/RawTGA/House_KitchenCounter_m_r.uasset" 404
"../../../Builled_VR_2/Content/Bullied_VR/textures/HouseTextures/RawTGA/House_KitchenCounter_normal.uasset" 405
"../../../Builled_VR_2/Content/Bullied_VR/textures/HouseTextures/Floor1/MT_House_KitchenCounter_material.uasset" 406
"../../../Builled_VR_2/Content/Bullied_VR/Assets/House/1st_Floor/House_KitchenCounter.uasset" 407
"../../../Builled_VR_2/Content/Bullied_VR/textures/HouseTextures/RawTGA/House_PhotoFrame_a.uasset" 408
"../../../Builled_VR_2/Content/Bullied_VR/textures/HouseTextures/RawTGA/House_PhotoFrame_m_r.uasset" 409
"../../../Builled_VR_2/Content/Bullied_VR/textures/HouseTextures/Floor1/MT_House_Photo_Material.uasset" 410
"../../../Builled_VR_2/Content/Bullied_VR/Assets/House/1st_Floor/House_PictureFrame.uasset" 411
"../../../Builled_VR_2/Content/Bullied_VR/textures/HouseTextures/RawTGA/House_Rack_a.uasset" 412
"../../../Builled_VR_2/Content/Bullied_VR/textures/HouseTextures/RawTGA/House_Rack_m_r.uasset" 413
"../../../Builled_VR_2/Content/Bullied_VR/textures/HouseTextures/RawTGA/House_Rack_normal.uasset" 414
"../../../Builled_VR_2/Content/Bullied_VR/textures/HouseTextures/Floor1/MT_House_Rack_Material.uasset" 415
"../../../Builled_VR_2/Content/Bullied_VR/Assets/House/1st_Floor/House_Rack.uasset" 416
"../../../Builled_VR_2/Content/Bullied_VR/textures/HouseTextures/RawTGA/House_KitchenRefrigerator_a.uasset" 417
"../../../Builled_VR_2/Content/Bullied_VR/textures/HouseTextures/RawTGA/House_KitchenRefrigerator_m_r.uasset" 418
"../../../Builled_VR_2/Content/Bullied_VR/textures/HouseTextures/Floor1/MT_House_KitchenRefrigirator_Material.uasset" 419
"../../../Builled_VR_2/Content/Bullied_VR/Assets/House/1st_Floor/House_Refrigerator.uasset" 420
"../../../Builled_VR_2/Content/Bullied_VR/textures/HouseTextures/RawTGA/House_Sofa_a.uasset" 421
"../../../Builled_VR_2/Content/Bullied_VR/textures/HouseTextures/RawTGA/House_Sofa_m_r.uasset" 422
"../../../Builled_VR_2/Content/Bullied_VR/textures/HouseTextures/RawTGA/House_Sofa_n.uasset" 423
"../../../Builled_VR_2/Content/Bullied_VR/textures/HouseTextures/Floor1/MT_House_Sofa_Material.uasset" 424
"../../../Builled_VR_2/Content/Bullied_VR/Assets/House/1st_Floor/House_Sofa.uasset" 425
"../../../Builled_VR_2/Content/Bullied_VR/textures/HouseTextures/RawTGA/House_Tv_a.uasset" 426
"../../../Builled_VR_2/Content/Bullied_VR/textures/HouseTextures/RawTGA/House_Tv_m_r.uasset" 427
"../../../Builled_VR_2/Content/Bullied_VR/textures/HouseTextures/RawTGA/House_Tv_normal.uasset" 428
"../../../Builled_VR_2/Content/Bullied_VR/textures/HouseTextures/Floor1/MT_House_TV_Material.uasset" 429
"../../../Builled_VR_2/Content/Bullied_VR/Assets/House/1st_Floor/House_TV.uasset" 430
"../../../Builled_VR_2/Content/Bullied_VR/textures/HouseTextures/RawTGA/House_TvTable_a.uasset" 431
"../../../Builled_VR_2/Content/Bullied_VR/textures/HouseTextures/RawTGA/House_TvTable_m_r.uasset" 432
"../../../Builled_VR_2/Content/Bullied_VR/textures/HouseTextures/RawTGA/House_TvTable_normal.uasset" 433
"../../../Builled_VR_2/Content/Bullied_VR/textures/HouseTextures/Floor1/MT_House_TVTable_Material.uasset" 434
"../../../Builled_VR_2/Content/Bullied_VR/Assets/House/1st_Floor/House_TVTable.uasset" 435
"../../../Builled_VR_2/Content/Bullied_VR/Assets/House/2nd_Floor/House_PhotoWall.uasset" 436
"../../../Builled_VR_2/Content/Bullied_VR/Assets/House/2nd_Floor/House_SmallCabinet.uasset" 437
"../../../Builled_VR_2/Content/Bullied_VR/Assets/House/2nd_Floor/House_ToiletDoor.uasset" 438
"../../../Builled_VR_2/Content/Bullied_VR/textures/HouseTextures/RawTGA/House_Vase_a.uasset" 439
"../../../Builled_VR_2/Content/Bullied_VR/textures/HouseTextures/RawTGA/House_Vase_m_r.uasset" 440
"../../../Builled_VR_2/Content/Bullied_VR/textures/HouseTextures/Floor2/MT_House_Vase_Material.uasset" 441
"../../../Builled_VR_2/Content/Bullied_VR/Assets/House/2nd_Floor/House_Vase.uasset" 442
"../../../Builled_VR_2/Content/Bullied_VR/textures/HouseTextures/Floor3/House_Bed_a.uasset" 443
"../../../Builled_VR_2/Content/Bullied_VR/textures/HouseTextures/Floor3/House_Bed_m_r.uasset" 444
"../../../Builled_VR_2/Content/Bullied_VR/textures/HouseTextures/Floor3/MT_House_Bed_Material.uasset" 445
"../../../Builled_VR_2/Content/Bullied_VR/Assets/House/3rd_Floor/House_Bed.uasset" 446
"../../../Builled_VR_2/Content/Bullied_VR/textures/HouseTextures/Floor3/House_Book_a.uasset" 447
"../../../Builled_VR_2/Content/Bullied_VR/textures/HouseTextures/Floor3/House_Book_m_r.uasset" 448
"../../../Builled_VR_2/Content/Bullied_VR/textures/HouseTextures/Floor3/MT_House_Book_Material.uasset" 449
"../../../Builled_VR_2/Content/Bullied_VR/Assets/House/3rd_Floor/House_Book.uasset" 450
"../../../Builled_VR_2/Content/Bullied_VR/textures/HouseTextures/Floor3/House_Carpet_a.uasset" 451
"../../../Builled_VR_2/Content/Bullied_VR/textures/HouseTextures/Floor3/House_Carpet_m_r.uasset" 452
"../../../Builled_VR_2/Content/Bullied_VR/textures/HouseTextures/Floor3/MT_House_Carpet_Material.uasset" 453
"../../../Builled_VR_2/Content/Bullied_VR/Assets/House/3rd_Floor/House_Carpet.uasset" 454
"../../../Builled_VR_2/Content/Bullied_VR/textures/HouseTextures/Floor3/House_Computer_a.uasset" 455
"../../../Builled_VR_2/Content/Bullied_VR/textures/HouseTextures/Floor3/House_Computer_m_r.uasset" 456
"../../../Builled_VR_2/Content/Bullied_VR/textures/HouseTextures/Floor3/MT_House_Computer_Material.uasset" 457
"../../../Builled_VR_2/Content/Bullied_VR/Assets/House/3rd_Floor/House_Computer.uasset" 458
"../../../Builled_VR_2/Content/Bullied_VR/textures/HouseTextures/Floor3/House_ComputerChair_a.uasset" 459
"../../../Builled_VR_2/Content/Bullied_VR/textures/HouseTextures/Floor3/MT_House_ComputerChair_Material.uasset" 460
"../../../Builled_VR_2/Content/Bullied_VR/Assets/House/3rd_Floor/House_ComputerChair.uasset" 461
"../../../Builled_VR_2/Content/Bullied_VR/textures/HouseTextures/Floor3/House_ComputerTable_a.uasset" 462
"../../../Builled_VR_2/Content/Bullied_VR/textures/HouseTextures/Floor3/MT_House_ComputerTable_Material.uasset" 463
"../../../Builled_VR_2/Content/Bullied_VR/Assets/House/3rd_Floor/House_ComputerTable.uasset" 464
"../../../Builled_VR_2/Content/Bullied_VR/textures/HouseTextures/Floor3/House_GuitarCase_a.uasset" 465
"../../../Builled_VR_2/Content/Bullied_VR/textures/HouseTextures/Floor3/House_GuitarCase_m_r.uasset" 466
"../../../Builled_VR_2/Content/Bullied_VR/textures/HouseTextures/Floor3/MT_House_GuitarCase_Material.uasset" 467
"../../../Builled_VR_2/Content/Bullied_VR/Assets/House/3rd_Floor/House_GuitarCase.uasset" 468
"../../../Builled_VR_2/Content/Bullied_VR/textures/HouseTextures/Floor3/House_PlantA_a.uasset" 469
"../../../Builled_VR_2/Content/Bullied_VR/textures/HouseTextures/Floor3/House_PlantA_m_r.uasset" 470
"../../../Builled_VR_2/Content/Bullied_VR/textures/HouseTextures/Floor3/MT_House_PlantA_Material.uasset" 471
"../../../Builled_VR_2/Content/Bullied_VR/Assets/House/3rd_Floor/House_PlantA.uasset" 472
"../../../Builled_VR_2/Content/Bullied_VR/textures/HouseTextures/Floor3/House_PlantB_a.uasset" 473
"../../../Builled_VR_2/Content/Bullied_VR/textures/HouseTextures/Floor3/House_PlantB_m_r.uasset" 474
"../../../Builled_VR_2/Content/Bullied_VR/textures/HouseTextures/Floor3/MT_House_PlantB_Material.uasset" 475
"../../../Builled_VR_2/Content/Bullied_VR/Assets/House/3rd_Floor/House_PlantB.uasset" 476
"../../../Builled_VR_2/Content/Bullied_VR/textures/HouseTextures/Floor3/House_Railings_a.uasset" 477
"../../../Builled_VR_2/Content/Bullied_VR/textures/HouseTextures/Floor3/House_Railings_m_r.uasset" 478
"../../../Builled_VR_2/Content/Bullied_VR/textures/HouseTextures/Floor3/MT_House_Railing_Material.uasset" 479
"../../../Builled_VR_2/Content/Bullied_VR/Assets/House/3rd_Floor/House_Railing.uasset" 480
"../../../Builled_VR_2/Content/Bullied_VR/Assets/House/3rd_Floor/House_Stair.uasset" 481
"../../../Builled_VR_2/Content/Bullied_VR/Assets/House/3rd_Floor/House_StairRailing.uasset" 482
"../../../Builled_VR_2/Content/Bullied_VR/textures/HouseTextures/Floor3/House_Stool_a.uasset" 483
"../../../Builled_VR_2/Content/Bullied_VR/textures/HouseTextures/Floor3/House_Stool_m_r.uasset" 484
"../../../Builled_VR_2/Content/Bullied_VR/textures/HouseTextures/Floor3/MT_House_Stool_Material.uasset" 485
"../../../Builled_VR_2/Content/Bullied_VR/Assets/House/3rd_Floor/House_Stool.uasset" 486
"../../../Builled_VR_2/Content/Bullied_VR/textures/HouseTextures/Floor3/House_StudyTable_a.uasset" 487
"../../../Builled_VR_2/Content/Bullied_VR/textures/HouseTextures/Floor3/House_StudyTable_m_r.uasset" 488
"../../../Builled_VR_2/Content/Bullied_VR/textures/HouseTextures/Floor3/MT_House_StudyTable_Material.uasset" 489
"../../../Builled_VR_2/Content/Bullied_VR/Assets/House/3rd_Floor/House_StudyTable.uasset" 490
"../../../Builled_VR_2/Content/Bullied_VR/textures/HouseTextures/Floor3/House_Wardrobe_a.uasset" 491
"../../../Builled_VR_2/Content/Bullied_VR/textures/HouseTextures/Floor3/House_Wardrobe_m_r.uasset" 492
"../../../Builled_VR_2/Content/Bullied_VR/textures/HouseTextures/Floor3/MT_House_Wardrobe_Material.uasset" 493
"../../../Builled_VR_2/Content/Bullied_VR/Assets/House/3rd_Floor/House_Wardrobe.uasset" 494
"../../../Builled_VR_2/Content/Bullied_VR/Assets/House/House_LayoutFloor1.uasset" 495
"../../../Builled_VR_2/Content/Bullied_VR/Assets/House/House_LayoutFloor2.uasset" 496
"../../../Builled_VR_2/Content/Bullied_VR/textures/HouseTextures/House_LayoutFloor3_a.uasset" 497
"../../../Builled_VR_2/Content/Bullied_VR/textures/HouseTextures/Floor3/MT_House_LayoutFloor3_Material.uasset" 498
"../../../Builled_VR_2/Content/Bullied_VR/Assets/House/House_LayoutFloor3.uasset" 499
"../../../Builled_VR_2/Content/Bullied_VR/Blueprints/ba_dum_tss.uasset" 500
"../../../Builled_VR_2/Content/Bullied_VR/Blueprints/NewStringTable.uasset" 501
"../../../Builled_VR_2/Content/Bullied_VR/Blueprints/NewStringTable1.uasset" 502
"../../../Builled_VR_2/Content/Bullied_VR/Blueprints/NewStringTable2.uasset" 503
"../../../Builled_VR_2/Content/Bullied_VR/Blueprints/NewStringTable3.uasset" 504
"../../../Builled_VR_2/Content/Bullied_VR/Maps/Level_1_House.umap" 505
"../../../Builled_VR_2/Content/Bullied_VR/Blueprints/BP_LevelTransistion.uasset" 506
"../../../Builled_VR_2/Content/Bullied_VR/Maps/Level_2_Bus_BuiltData.uasset" 507
"../../../Builled_VR_2/Content/Bullied_VR/Assets/Bus/Bus_BackWindow.uasset" 508
"../../../Builled_VR_2/Content/Bullied_VR/Assets/Bus/Bus_Door.uasset" 509
"../../../Builled_VR_2/Content/Bullied_VR/Assets/Bus/Bus_DriverWindow.uasset" 510
"../../../Builled_VR_2/Content/Bullied_VR/Assets/Bus/Bus_FrontWindow.uasset" 511
"../../../Builled_VR_2/Content/Bullied_VR/Assets/Bus/Bus_Layout.uasset" 512
"../../../Builled_VR_2/Content/Bullied_VR/Assets/Bus/Bus_Seat.uasset" 513
"../../../Builled_VR_2/Content/Bullied_VR/Assets/Bus/Bus_SeatSpecial.uasset" 514
"../../../Builled_VR_2/Content/Bullied_VR/Assets/Bus/Bus_SideWindow.uasset" 515
"../../../Builled_VR_2/Content/Bullied_VR/Maps/Level_2_Bus.umap" 516
"../../../Builled_VR_2/Content/VirtualReality/Materials/GenericHMDMaterial.uasset" 517
"../../../Builled_VR_2/Content/Bullied_VR/Maps/Level_3_School.umap" 518
"../../../Builled_VR_2/Content/Bullied_VR/Blueprints/Blackboard.uasset" 519
"../../../Builled_VR_2/Content/Bullied_VR/Blueprints/BP_LookAway.uasset" 520
"../../../Builled_VR_2/Content/Bullied_VR/Blueprints/BP_RandomChoiceSelect.uasset" 521
"../../../Builled_VR_2/Content/Bullied_VR/Blueprints/BP_ResetVariables.uasset" 522
"../../../Builled_VR_2/Content/Bullied_VR/Blueprints/BP_SetRandomLocation.uasset" 523
"../../../Builled_VR_2/Content/Bullied_VR/Blueprints/BT.uasset" 524
"../../../Builled_VR_2/Content/Bullied_VR/Blueprints/AIC.uasset" 525
"../../../Builled_VR_2/Content/Geometry/Meshes/1M_Cube.uasset" 526
"../../../Builled_VR_2/Content/Bullied_VR/Blueprints/TestAI.uasset" 527
"../../../Builled_VR_2/Content/Bullied_VR/Blueprints/Blackboard_2.uasset" 528
"../../../Builled_VR_2/Content/Bullied_VR/Blueprints/BT_2.uasset" 529
"../../../Builled_VR_2/Content/Bullied_VR/Blueprints/AIC_2.uasset" 530
"../../../Builled_VR_2/Content/Bullied_VR/Blueprints/TestAI_2.uasset" 531
"../../../Builled_VR_2/Content/Bullied_VR/Assets/School/Classroom/IO_School_CRDoorLeftSimple.uasset" 532
"../../../Builled_VR_2/Content/Bullied_VR/Assets/School/Classroom/IO_School_CRDoorRight.uasset" 533
"../../../Builled_VR_2/Content/Bullied_VR/Assets/School/Classroom/School_CRWindowFrame.uasset" 534
"../../../Builled_VR_2/Content/Bullied_VR/Assets/School/Classroom/School_CRWindowGlass.uasset" 535
"../../../Builled_VR_2/Content/Bullied_VR/Assets/School/Classroom/School_CRWindow.uasset" 536
"../../../Builled_VR_2/Content/Bullied_VR/Assets/School/Hallway/School_CeilingLight.uasset" 537
"../../../Builled_VR_2/Content/Bullied_VR/Assets/School/Hallway/GO_School_CeilingLight.uasset" 538
"../../../Builled_VR_2/Content/Bullied_VR/Assets/School/Hallway/School_HallwayWindowFrame.uasset" 539
"../../../Builled_VR_2/Content/Bullied_VR/Assets/School/Hallway/School_HallwayWindowGlass.uasset" 540
"../../../Builled_VR_2/Content/Bullied_VR/Assets/School/Hallway/GO_School_HallwayWindow.uasset" 541
"../../../Builled_VR_2/Content/Bullied_VR/Assets/School/Hallway/School_MainEntrance.uasset" 542
"../../../Builled_VR_2/Content/Bullied_VR/Assets/School/Hallway/IO_School_MainEntrance.uasset" 543
"../../../Builled_VR_2/Content/Bullied_VR/Assets/School/Toilet/School_Mirror.uasset" 544
"../../../Builled_VR_2/Content/Bullied_VR/Assets/School/Toilet/School_MirrorFrame.uasset" 545
"../../../Builled_VR_2/Content/Bullied_VR/Assets/School/Toilet/GO_School_Mirror.uasset" 546
"../../../Builled_VR_2/Content/Bullied_VR/Assets/School/Toilet/IO_School_ToiletDoorSimple.uasset" 547
"../../../Builled_VR_2/Content/Bullied_VR/Assets/School/Toilet/School_CubicalDoor.uasset" 548
"../../../Builled_VR_2/Content/Bullied_VR/Assets/School/Toilet/IO_SchoolCubicalDoor.uasset" 549
"../../../Builled_VR_2/Content/Bullied_VR/textures/Green.uasset" 550
"../../../Builled_VR_2/Content/Bullied_VR/Blueprints/BP_SpecialFX_SchoolHallway_Start.uasset" 551
"../../../Builled_VR_2/Content/Bullied_VR/textures/Red.uasset" 552
"../../../Builled_VR_2/Content/Bullied_VR/Blueprints/BP_SpecialFX_SchoolHallway_End.uasset" 553
"../../../Builled_VR_2/Content/VirtualReality/Materials/M_BaseMaterial.uasset" 554
"../../../Builled_VR_2/Content/VirtualReality/Materials/MI_SmallCubes.uasset" 555
"../../../Builled_VR_2/Content/VirtualRealityBP/Blueprints/BP_PickupCube.uasset" 556
"../../../Builled_VR_2/Content/Bullied_VR/Maps/Level_4_School_BuiltData.uasset" 557
"../../../Builled_VR_2/Content/Bullied_VR/textures/Empty.uasset" 558
"../../../Builled_VR_2/Content/Bullied_VR/Assets/School/Classroom/School_Cabinet.uasset" 559
"../../../Builled_VR_2/Content/Bullied_VR/Assets/School/Classroom/School_Chair.uasset" 560
"../../../Builled_VR_2/Content/Bullied_VR/Assets/School/Classroom/School_ChairSpecial.uasset" 561
"../../../Builled_VR_2/Content/Bullied_VR/Assets/School/Classroom/School_CRTable.uasset" 562
"../../../Builled_VR_2/Content/Bullied_VR/Assets/School/Classroom/School_TeaherTable.uasset" 563
"../../../Builled_VR_2/Content/Bullied_VR/Assets/School/Classroom/School_WhiteBoard.uasset" 564
"../../../Builled_VR_2/Content/Bullied_VR/Assets/School/Hallway/School_Lockers.uasset" 565
"../../../Builled_VR_2/Content/Bullied_VR/Assets/School/Hallway/School_Stairs.uasset" 566
"../../../Builled_VR_2/Content/Bullied_VR/Assets/School/School_Layout_V2.uasset" 567
"../../../Builled_VR_2/Content/Bullied_VR/Assets/School/Toilet/School_Sink.uasset" 568
"../../../Builled_VR_2/Content/Bullied_VR/Assets/School/Toilet/School_Toilet.uasset" 569
"../../../Builled_VR_2/Content/Bullied_VR/Maps/Level_4_School.umap" 570
"../../../Builled_VR_2/Content/Bullied_VR/Blueprints/BP_GameEndTrigger.uasset" 571
"../../../Builled_VR_2/Content/Bullied_VR/Maps/Level_5_Bridge_BuiltData.uasset" 572
"../../../Builled_VR_2/Content/Bullied_VR/Assets/Bridge/Bridge_Bridge.uasset" 573
"../../../Builled_VR_2/Content/Bullied_VR/Assets/Bridge/Bridge_Field.uasset" 574
"../../../Builled_VR_2/Content/Bullied_VR/Assets/Bridge/Bridge_Rail.uasset" 575
"../../../Builled_VR_2/Content/Bullied_VR/Assets/Bridge/Bridge_Tree.uasset" 576
"../../../Builled_VR_2/Content/Bullied_VR/Maps/Level_5_Bridge.umap" 577
"../../../Builled_VR_2/Content/Bullied_VR/Blueprints/MainMenu.uasset" 578
"../../../Builled_VR_2/Content/Bullied_VR/Blueprints/BP_MainMenuActor.uasset" 579
"../../../Builled_VR_2/Content/Bullied_VR/Blueprints/HUD_Debug.uasset" 580
"../../../Builled_VR_2/Content/Bullied_VR/Blueprints/BP_MainMenuMontionController.uasset" 581
"../../../Builled_VR_2/Content/Bullied_VR/Maps/MainMenu_BuiltData.uasset" 582
"../../../Builled_VR_2/Content/Bullied_VR/Maps/MainMenu.umap" 583
"../../../Builled_VR_2/Content/Bullied_VR/Maps/TestLevel_BuiltData.uasset" 584
"../../../Builled_VR_2/Content/Bullied_VR/Maps/TestLevel.umap" 585
"../../../Builled_VR_2/Content/Bullied_VR/Maps/Test_Level_1_BuiltData.uasset" 586
"../../../Builled_VR_2/Content/Bullied_VR/textures/Blue.uasset" 587
"../../../Builled_VR_2/Content/Bullied_VR/textures/Cyan.uasset" 588
"../../../Builled_VR_2/Content/Bullied_VR/textures/Orange.uasset" 589
"../../../Builled_VR_2/Content/Bullied_VR/textures/Purple.uasset" 590
"../../../Builled_VR_2/Content/Bullied_VR/textures/ToxicGreen.uasset" 591
"../../../Builled_VR_2/Content/Bullied_VR/textures/Yellow.uasset" 592
"../../../Builled_VR_2/Content/Bullied_VR/Maps/Test_Level_1.umap" 593
"../../../Builled_VR_2/Content/VirtualRealityBP/Blueprints/HMDLocomotionPawn.uasset" 594
"../../../Builled_VR_2/Content/VirtualRealityBP/Maps/HMDLocomotionMap_BuiltData.uasset" 595
"../../../Builled_VR_2/Content/VirtualReality/Materials/MI_BaseMaterial2.uasset" 596
"../../../Builled_VR_2/Content/VirtualReality/Materials/MI_BaseMaterial3.uasset" 597
"../../../Builled_VR_2/Content/VirtualRealityBP/Maps/HMDLocomotionMap.umap" 598
"../../../Builled_VR_2/Content/VirtualRealityBP/Blueprints/MotionControllerPawn.uasset" 599
"../../../Builled_VR_2/Content/VirtualRealityBP/Maps/MotionControllerMap_BuiltData.uasset" 600
"../../../Builled_VR_2/Content/VirtualRealityBP/Maps/MotionControllerMap.umap" 601
"../../../Builled_VR_2/Content/VirtualRealityBP/Maps/StartupMap_BuiltData.uasset" 602
"../../../Engine/Content/MapTemplates/Sky/DaylightAmbientCubemap.uasset" 603
"../../../Builled_VR_2/Content/VirtualReality/Meshes/GenericHMD.uasset" 604
"../../../Builled_VR_2/Content/VirtualRealityBP/Maps/StartupMap.umap" 605
"../../../Engine/Content/Maps/Entry.umap" 606
